<?xml version="1.0" encoding="UTF-8"?>
<!-- Generated by org.testng.reporters.JUnitReportReporter -->
<testsuite hostname="LAPTOP-8AFIQ1EI" name="package1.YT1" tests="1" failures="0" timestamp="5 May 2020 06:51:58 GMT" time="0.000" errors="0">
  <testcase name="tt" time="0.000" classname="package1.YT1"/>
</testsuite> <!-- package1.YT1 -->
